# JRE version: OpenJDK Runtime Environment (8.0_91-b14) (build 1.8.0_91-b14)
# Java VM: OpenJDK 64-Bit Server VM (25.91-b14 mixed mode linux-amd64 compressed oops)
Heap:
 PSYoungGen      total 292864K, used 0K [0x00000000eab00000, 0x00000000fff80000, 0x0000000100000000)
  eden space 237568K, 0% used [0x00000000eab00000,0x00000000eab00000,0x00000000f9300000)
  from space 55296K, 0% used [0x00000000fc900000,0x00000000fc900000,0x00000000fff00000)
  to   space 55296K, 0% used [0x00000000f9300000,0x00000000f9300000,0x00000000fc900000)
 ParOldGen       total 134656K, used 48015K [0x00000000c0000000, 0x00000000c8380000, 0x00000000eab00000)
  object space 134656K, 35% used [0x00000000c0000000,0x00000000c2ee3d98,0x00000000c8380000)
 Metaspace       used 58606K, capacity 64086K, committed 66344K, reserved 1105920K
  class space    used 7434K, capacity 8649K, committed 9008K, reserved 1048576K
GC Heap History (10 events):
Event: 6185.575 GC heap after
Heap after GC invocations=35 (full 3):
 PSYoungGen      total 285184K, used 22912K [0x00000000eab00000, 0x00000000ffb00000, 0x0000000100000000)
  eden space 229376K, 0% used [0x00000000eab00000,0x00000000eab00000,0x00000000f8b00000)
  from space 55808K, 41% used [0x00000000fc480000,0x00000000fdae00a0,0x00000000ffb00000)
  to   space 57344K, 0% used [0x00000000f8b00000,0x00000000f8b00000,0x00000000fc300000)
 ParOldGen       total 134656K, used 81514K [0x00000000c0000000, 0x00000000c8380000, 0x00000000eab00000)
  object space 134656K, 60% used [0x00000000c0000000,0x00000000c4f9a868,0x00000000c8380000)
 Metaspace       used 58961K, capacity 64556K, committed 64808K, reserved 1105920K
  class space    used 7573K, capacity 8735K, committed 8752K, reserved 1048576K
}
Event: 6187.330 GC heap before
{Heap before GC invocations=36 (full 3):
 PSYoungGen      total 285184K, used 252288K [0x00000000eab00000, 0x00000000ffb00000, 0x0000000100000000)
  eden space 229376K, 100% used [0x00000000eab00000,0x00000000f8b00000,0x00000000f8b00000)
  from space 55808K, 41% used [0x00000000fc480000,0x00000000fdae00a0,0x00000000ffb00000)
  to   space 57344K, 0% used [0x00000000f8b00000,0x00000000f8b00000,0x00000000fc300000)
 ParOldGen       total 134656K, used 81514K [0x00000000c0000000, 0x00000000c8380000, 0x00000000eab00000)
  object space 134656K, 60% used [0x00000000c0000000,0x00000000c4f9a868,0x00000000c8380000)
 Metaspace       used 58968K, capacity 64620K, committed 64808K, reserved 1105920K
  class space    used 7573K, capacity 8735K, committed 8752K, reserved 1048576K
Event: 6187.384 GC heap after
Heap after GC invocations=36 (full 3):
 PSYoungGen      total 286720K, used 21328K [0x00000000eab00000, 0x00000000ffe80000, 0x0000000100000000)
  eden space 229376K, 0% used [0x00000000eab00000,0x00000000eab00000,0x00000000f8b00000)
  from space 57344K, 37% used [0x00000000f8b00000,0x00000000f9fd4090,0x00000000fc300000)
  to   space 55808K, 0% used [0x00000000fc800000,0x00000000fc800000,0x00000000ffe80000)
 ParOldGen       total 134656K, used 89799K [0x00000000c0000000, 0x00000000c8380000, 0x00000000eab00000)
  object space 134656K, 66% used [0x00000000c0000000,0x00000000c57b1c28,0x00000000c8380000)
 Metaspace       used 58968K, capacity 64620K, committed 64808K, reserved 1105920K
  class space    used 7573K, capacity 8735K, committed 8752K, reserved 1048576K
}
Event: 6235.373 GC heap before
{Heap before GC invocations=37 (full 3):
 PSYoungGen      total 286720K, used 250704K [0x00000000eab00000, 0x00000000ffe80000, 0x0000000100000000)
  eden space 229376K, 100% used [0x00000000eab00000,0x00000000f8b00000,0x00000000f8b00000)
  from space 57344K, 37% used [0x00000000f8b00000,0x00000000f9fd4090,0x00000000fc300000)
  to   space 55808K, 0% used [0x00000000fc800000,0x00000000fc800000,0x00000000ffe80000)
 ParOldGen       total 134656K, used 89799K [0x00000000c0000000, 0x00000000c8380000, 0x00000000eab00000)
  object space 134656K, 66% used [0x00000000c0000000,0x00000000c57b1c28,0x00000000c8380000)
 Metaspace       used 59255K, capacity 65268K, committed 65448K, reserved 1105920K
  class space    used 7624K, capacity 8827K, committed 8880K, reserved 1048576K
Event: 6235.426 GC heap after
Heap after GC invocations=37 (full 3):
 PSYoungGen      total 291840K, used 13136K [0x00000000eab00000, 0x00000000ffe80000, 0x0000000100000000)
  eden space 236032K, 0% used [0x00000000eab00000,0x00000000eab00000,0x00000000f9180000)
  from space 55808K, 23% used [0x00000000fc800000,0x00000000fd4d4050,0x00000000ffe80000)
  to   space 55808K, 0% used [0x00000000f9180000,0x00000000f9180000,0x00000000fc800000)
 ParOldGen       total 134656K, used 103379K [0x00000000c0000000, 0x00000000c8380000, 0x00000000eab00000)
  object space 134656K, 76% used [0x00000000c0000000,0x00000000c64f4d40,0x00000000c8380000)
 Metaspace       used 59255K, capacity 65268K, committed 65448K, reserved 1105920K
  class space    used 7624K, capacity 8827K, committed 8880K, reserved 1048576K
}
Event: 6237.172 GC heap before
{Heap before GC invocations=38 (full 3):
 PSYoungGen      total 291840K, used 249168K [0x00000000eab00000, 0x00000000ffe80000, 0x0000000100000000)
  eden space 236032K, 100% used [0x00000000eab00000,0x00000000f9180000,0x00000000f9180000)
  from space 55808K, 23% used [0x00000000fc800000,0x00000000fd4d4050,0x00000000ffe80000)
  to   space 55808K, 0% used [0x00000000f9180000,0x00000000f9180000,0x00000000fc800000)
 ParOldGen       total 134656K, used 103379K [0x00000000c0000000, 0x00000000c8380000, 0x00000000eab00000)
  object space 134656K, 76% used [0x00000000c0000000,0x00000000c64f4d40,0x00000000c8380000)
 Metaspace       used 59357K, capacity 65524K, committed 65704K, reserved 1105920K
  class space    used 7642K, capacity 8859K, committed 8880K, reserved 1048576K
Event: 6237.240 GC heap after
Heap after GC invocations=38 (full 3):
 PSYoungGen      total 291840K, used 13392K [0x00000000eab00000, 0x00000000fff00000, 0x0000000100000000)
  eden space 236032K, 0% used [0x00000000eab00000,0x00000000eab00000,0x00000000f9180000)
  from space 55808K, 23% used [0x00000000f9180000,0x00000000f9e94030,0x00000000fc800000)
  to   space 55296K, 0% used [0x00000000fc900000,0x00000000fc900000,0x00000000fff00000)
 ParOldGen       total 134656K, used 105835K [0x00000000c0000000, 0x00000000c8380000, 0x00000000eab00000)
  object space 134656K, 78% used [0x00000000c0000000,0x00000000c675ad40,0x00000000c8380000)
 Metaspace       used 59357K, capacity 65524K, committed 65704K, reserved 1105920K
  class space    used 7642K, capacity 8859K, committed 8880K, reserved 1048576K
}
Event: 6245.041 GC heap before
{Heap before GC invocations=39 (full 3):
 PSYoungGen      total 291840K, used 249424K [0x00000000eab00000, 0x00000000fff00000, 0x0000000100000000)
  eden space 236032K, 100% used [0x00000000eab00000,0x00000000f9180000,0x00000000f9180000)
  from space 55808K, 23% used [0x00000000f9180000,0x00000000f9e94030,0x00000000fc800000)
  to   space 55296K, 0% used [0x00000000fc900000,0x00000000fc900000,0x00000000fff00000)
 ParOldGen       total 134656K, used 105835K [0x00000000c0000000, 0x00000000c8380000, 0x00000000eab00000)
  object space 134656K, 78% used [0x00000000c0000000,0x00000000c675ad40,0x00000000c8380000)
 Metaspace       used 59667K, capacity 66206K, committed 66344K, reserved 1105920K
  class space    used 7696K, capacity 8956K, committed 9008K, reserved 1048576K
Event: 6245.162 GC heap after
Heap after GC invocations=39 (full 3):
 PSYoungGen      total 292864K, used 9376K [0x00000000eab00000, 0x00000000fff80000, 0x0000000100000000)
  eden space 237568K, 0% used [0x00000000eab00000,0x00000000eab00000,0x00000000f9300000)
  from space 55296K, 16% used [0x00000000fc900000,0x00000000fd228040,0x00000000fff00000)
  to   space 55296K, 0% used [0x00000000f9300000,0x00000000f9300000,0x00000000fc900000)
 ParOldGen       total 134656K, used 118036K [0x00000000c0000000, 0x00000000c8380000, 0x00000000eab00000)
  object space 134656K, 87% used [0x00000000c0000000,0x00000000c73451d0,0x00000000c8380000)
 Metaspace       used 59667K, capacity 66206K, committed 66344K, reserved 1105920K
  class space    used 7696K, capacity 8956K, committed 9008K, reserved 1048576K
}
Event: 6245.166 GC heap before
{Heap before GC invocations=40 (full 4):
 PSYoungGen      total 292864K, used 9376K [0x00000000eab00000, 0x00000000fff80000, 0x0000000100000000)
  eden space 237568K, 0% used [0x00000000eab00000,0x00000000eab00000,0x00000000f9300000)
  from space 55296K, 16% used [0x00000000fc900000,0x00000000fd228040,0x00000000fff00000)
  to   space 55296K, 0% used [0x00000000f9300000,0x00000000f9300000,0x00000000fc900000)
 ParOldGen       total 134656K, used 118036K [0x00000000c0000000, 0x00000000c8380000, 0x00000000eab00000)
  object space 134656K, 87% used [0x00000000c0000000,0x00000000c73451d0,0x00000000c8380000)
 Metaspace       used 59667K, capacity 66206K, committed 66344K, reserved 1105920K
  class space    used 7696K, capacity 8956K, committed 9008K, reserved 1048576K

